
[SIM] phases: clean 25 min -> combined anomaly 10 min -> clean 25 min
[SIM] score=normal_prob; PSI reported every simulated 60 seconds

--- phase CLEAN (anomaly=none) ---
[PSI] filling rolling window 1/100
[PSI] filling rolling window 7/100
[PSI] filling rolling window 13/100
[PSI] filling rolling window 19/100
[PSI] filling rolling window 25/100
[PSI] filling rolling window 28/100
[PSI] filling rolling window 34/100
[PSI] filling rolling window 40/100
[PSI] filling rolling window 46/100
[PSI] filling rolling window 52/100
[PSI] filling rolling window 55/100
[PSI] filling rolling window 61/100
[PSI] filling rolling window 67/100
[PSI] filling rolling window 73/100
[PSI] filling rolling window 79/100
[PSI] filling rolling window 82/100
[PSI] filling rolling window 88/100
[PSI] filling rolling window 94/100
[PSI] CLEAN      PSI=0.004  critical_share=  0.0%  [0,0.25)= 0.5% [0.25,0.50)= 1.0% [0.50,0.75)= 3.0% [0.75,1.0]=95.5%
[PSI] CLEAN      PSI=0.004  critical_share=  0.0%  [0,0.25)= 0.5% [0.25,0.50)= 1.0% [0.50,0.75)= 3.0% [0.75,1.0]=95.5%
[PSI] CLEAN      PSI=0.004  critical_share=  0.0%  [0,0.25)= 0.5% [0.25,0.50)= 1.0% [0.50,0.75)= 3.0% [0.75,1.0]=95.5%
[PSI] CLEAN      PSI=0.004  critical_share=  0.0%  [0,0.25)= 0.5% [0.25,0.50)= 1.0% [0.50,0.75)= 3.0% [0.75,1.0]=95.5%
[PSI] CLEAN      PSI=0.004  critical_share=  0.0%  [0,0.25)= 0.5% [0.25,0.50)= 1.0% [0.50,0.75)= 3.0% [0.75,1.0]=95.5%
[PSI] CLEAN      PSI=0.006  critical_share=  0.0%  [0,0.25)= 0.5% [0.25,0.50)= 1.0% [0.50,0.75)= 2.0% [0.75,1.0]=96.5%
[PSI] CLEAN      PSI=0.006  critical_share=  0.0%  [0,0.25)= 0.5% [0.25,0.50)= 1.0% [0.50,0.75)= 2.0% [0.75,1.0]=96.5%
--- phase INJECTED (anomaly=combined) ---
[PSI] INJECTED   PSI=0.007  critical_share=  1.0%  [0,0.25)= 1.0% [0.25,0.50)= 1.0% [0.50,0.75)= 2.0% [0.75,1.0]=96.0%
[PSI] INJECTED   PSI=0.159  critical_share=  7.0%  [0,0.25)= 7.0% [0.25,0.50)= 1.0% [0.50,0.75)= 2.0% [0.75,1.0]=90.0%
[PSI] INJECTED   PSI=0.388  critical_share= 13.0%  [0,0.25)=13.0% [0.25,0.50)= 1.0% [0.50,0.75)= 2.0% [0.75,1.0]=84.0%
[LOGIBRIDGE DRIFT ALERT] PSI=0.388
   classification: DATA OR SENSOR DRIFT / INVESTIGATE PROBE
[PSI] INJECTED   PSI=0.658  critical_share= 19.0%  [0,0.25)=19.0% [0.25,0.50)= 1.0% [0.50,0.75)= 2.0% [0.75,1.0]=78.0%
   classification: DATA OR SENSOR DRIFT / INVESTIGATE PROBE
[PSI] INJECTED   PSI=0.958  critical_share= 25.0%  [0,0.25)=25.0% [0.25,0.50)= 1.0% [0.50,0.75)= 2.0% [0.75,1.0]=72.0%
   classification: DATA OR SENSOR DRIFT / INVESTIGATE PROBE
[PSI] INJECTED   PSI=1.118  critical_share= 28.0%  [0,0.25)=28.0% [0.25,0.50)= 1.0% [0.50,0.75)= 2.0% [0.75,1.0]=69.0%
   classification: DATA OR SENSOR DRIFT / INVESTIGATE PROBE
[PSI] INJECTED   PSI=1.457  critical_share= 34.0%  [0,0.25)=34.0% [0.25,0.50)= 1.0% [0.50,0.75)= 2.0% [0.75,1.0]=63.0%
   classification: REAL CONCEPT DRIFT / FAULT PRESENT
[PSI] INJECTED   PSI=1.821  critical_share= 40.0%  [0,0.25)=40.0% [0.25,0.50)= 1.0% [0.50,0.75)= 2.0% [0.75,1.0]=57.0%
   classification: REAL CONCEPT DRIFT / FAULT PRESENT
[PSI] INJECTED   PSI=2.183  critical_share= 46.0%  [0,0.25)=45.5% [0.25,0.50)= 0.5% [0.50,0.75)= 0.5% [0.75,1.0]=53.5%
   classification: REAL CONCEPT DRIFT / FAULT PRESENT
[PSI] INJECTED   PSI=2.589  critical_share= 52.0%  [0,0.25)=51.5% [0.25,0.50)= 0.5% [0.50,0.75)= 0.5% [0.75,1.0]=47.5%
   classification: REAL CONCEPT DRIFT / FAULT PRESENT
--- phase RECOVERED (anomaly=none) ---
[PSI] RECOVERED  PSI=2.730  critical_share= 54.0%  [0,0.25)=53.5% [0.25,0.50)= 0.5% [0.50,0.75)= 0.5% [0.75,1.0]=45.5%
   classification: REAL CONCEPT DRIFT / FAULT PRESENT
[PSI] RECOVERED  PSI=2.730  critical_share= 54.0%  [0,0.25)=53.5% [0.25,0.50)= 0.5% [0.50,0.75)= 0.5% [0.75,1.0]=45.5%
   classification: REAL CONCEPT DRIFT / FAULT PRESENT
[PSI] RECOVERED  PSI=2.812  critical_share= 54.0%  [0,0.25)=54.7% [0.25,0.50)= 0.5% [0.50,0.75)= 1.0% [0.75,1.0]=43.8%
   classification: REAL CONCEPT DRIFT / FAULT PRESENT
[PSI] RECOVERED  PSI=2.812  critical_share= 54.0%  [0,0.25)=54.7% [0.25,0.50)= 0.5% [0.50,0.75)= 1.0% [0.75,1.0]=43.8%
   classification: REAL CONCEPT DRIFT / FAULT PRESENT
[PSI] RECOVERED  PSI=2.812  critical_share= 54.0%  [0,0.25)=54.7% [0.25,0.50)= 0.5% [0.50,0.75)= 1.0% [0.75,1.0]=43.8%
   classification: REAL CONCEPT DRIFT / FAULT PRESENT
[PSI] RECOVERED  PSI=2.812  critical_share= 54.0%  [0,0.25)=54.7% [0.25,0.50)= 0.5% [0.50,0.75)= 1.0% [0.75,1.0]=43.8%
   classification: REAL CONCEPT DRIFT / FAULT PRESENT
[PSI] RECOVERED  PSI=2.812  critical_share= 54.0%  [0,0.25)=54.7% [0.25,0.50)= 0.5% [0.50,0.75)= 1.0% [0.75,1.0]=43.8%
   classification: REAL CONCEPT DRIFT / FAULT PRESENT
[PSI] RECOVERED  PSI=2.812  critical_share= 54.0%  [0,0.25)=54.7% [0.25,0.50)= 0.5% [0.50,0.75)= 1.0% [0.75,1.0]=43.8%
   classification: REAL CONCEPT DRIFT / FAULT PRESENT
[PSI] RECOVERED  PSI=2.812  critical_share= 54.0%  [0,0.25)=54.7% [0.25,0.50)= 0.5% [0.50,0.75)= 1.0% [0.75,1.0]=43.8%
   classification: REAL CONCEPT DRIFT / FAULT PRESENT
[PSI] RECOVERED  PSI=2.387  critical_share= 48.0%  [0,0.25)=48.8% [0.25,0.50)= 0.5% [0.50,0.75)= 1.0% [0.75,1.0]=49.8%
   classification: REAL CONCEPT DRIFT / FAULT PRESENT
[PSI] RECOVERED  PSI=2.186  critical_share= 45.0%  [0,0.25)=45.8% [0.25,0.50)= 0.5% [0.50,0.75)= 1.0% [0.75,1.0]=52.7%
   classification: REAL CONCEPT DRIFT / FAULT PRESENT
[PSI] RECOVERED  PSI=1.802  critical_share= 39.0%  [0,0.25)=39.8% [0.25,0.50)= 0.5% [0.50,0.75)= 1.0% [0.75,1.0]=58.7%
   classification: REAL CONCEPT DRIFT / FAULT PRESENT
[PSI] RECOVERED  PSI=1.444  critical_share= 33.0%  [0,0.25)=33.8% [0.25,0.50)= 0.5% [0.50,0.75)= 1.0% [0.75,1.0]=64.7%
   classification: REAL CONCEPT DRIFT / FAULT PRESENT
[PSI] RECOVERED  PSI=1.111  critical_share= 27.0%  [0,0.25)=27.9% [0.25,0.50)= 0.5% [0.50,0.75)= 1.0% [0.75,1.0]=70.6%
   classification: DATA OR SENSOR DRIFT / INVESTIGATE PROBE
[PSI] RECOVERED  PSI=0.802  critical_share= 21.0%  [0,0.25)=21.9% [0.25,0.50)= 0.5% [0.50,0.75)= 1.0% [0.75,1.0]=76.6%
   classification: DATA OR SENSOR DRIFT / INVESTIGATE PROBE
[PSI] RECOVERED  PSI=0.658  critical_share= 18.0%  [0,0.25)=18.9% [0.25,0.50)= 0.5% [0.50,0.75)= 1.0% [0.75,1.0]=79.6%
   classification: DATA OR SENSOR DRIFT / INVESTIGATE PROBE
[PSI] RECOVERED  PSI=0.393  critical_share= 12.0%  [0,0.25)=12.9% [0.25,0.50)= 0.5% [0.50,0.75)= 1.0% [0.75,1.0]=85.6%
   classification: DATA OR SENSOR DRIFT / INVESTIGATE PROBE
[PSI] RECOVERED  PSI=0.224  critical_share=  6.0%  [0,0.25)= 9.0% [0.25,0.50)= 0.5% [0.50,0.75)= 2.0% [0.75,1.0]=88.6%
[PSI] RECOVERED  PSI=0.037  critical_share=  0.0%  [0,0.25)= 3.0% [0.25,0.50)= 0.5% [0.50,0.75)= 2.0% [0.75,1.0]=94.5%
[LOGIBRIDGE] drift cleared: PSI=0.037 < 0.10
[PSI] RECOVERED  PSI=0.037  critical_share=  0.0%  [0,0.25)= 3.0% [0.25,0.50)= 0.5% [0.50,0.75)= 2.0% [0.75,1.0]=94.5%
[PSI] RECOVERED  PSI=0.037  critical_share=  0.0%  [0,0.25)= 3.0% [0.25,0.50)= 0.5% [0.50,0.75)= 2.0% [0.75,1.0]=94.5%
[PSI] RECOVERED  PSI=0.031  critical_share=  0.0%  [0,0.25)= 2.0% [0.25,0.50)= 0.5% [0.50,0.75)= 1.0% [0.75,1.0]=96.5%
[PSI] RECOVERED  PSI=0.031  critical_share=  0.0%  [0,0.25)= 2.0% [0.25,0.50)= 0.5% [0.50,0.75)= 1.0% [0.75,1.0]=96.5%
[PSI] RECOVERED  PSI=0.031  critical_share=  0.0%  [0,0.25)= 2.0% [0.25,0.50)= 0.5% [0.50,0.75)= 1.0% [0.75,1.0]=96.5%
[PSI] RECOVERED  PSI=0.031  critical_share=  0.0%  [0,0.25)= 2.0% [0.25,0.50)= 0.5% [0.50,0.75)= 1.0% [0.75,1.0]=96.5%

=========== PSI SUMMARY ===========
  clean maximum PSI: 0.006
  injected maximum PSI: 2.589
  PSI 0.25 detection lag: 3.0 min (PASS; requirement less than or equal to 5 min)
  recovered final PSI: 0.031 (PASS; required below 0.10)
  trace output: C:\LogiEdge\LogiEdge_Complete_Assignment_Package\monitoring\psi_trace.json
  metadata output: C:\LogiEdge\LogiEdge_Complete_Assignment_Package\monitoring\psi_metadata.json
[PASS] PSI simulation completed
