[TRAIN] train trucks=[0, 1, 2, 3, 4, 7, 8, 9]; validation trucks=[5, 6]; overlap=0
[TRAIN] train windows=2328; validation windows=582
Epoch 1/160
73/73 - 0s - 6ms/step - accuracy: 0.8037 - loss: 0.5257 - val_accuracy: 0.9519 - val_loss: 0.2473 - learning_rate: 0.0010
Epoch 2/160
73/73 - 0s - 1ms/step - accuracy: 0.9832 - loss: 0.1556 - val_accuracy: 0.9931 - val_loss: 0.0938 - learning_rate: 0.0010
Epoch 3/160
73/73 - 0s - 1ms/step - accuracy: 0.9893 - loss: 0.0898 - val_accuracy: 0.9931 - val_loss: 0.0555 - learning_rate: 0.0010
Epoch 4/160
73/73 - 0s - 1ms/step - accuracy: 0.9901 - loss: 0.0657 - val_accuracy: 0.9931 - val_loss: 0.0419 - learning_rate: 0.0010
Epoch 5/160
73/73 - 0s - 1ms/step - accuracy: 0.9901 - loss: 0.0551 - val_accuracy: 0.9931 - val_loss: 0.0363 - learning_rate: 0.0010
Epoch 6/160
73/73 - 0s - 1ms/step - accuracy: 0.9905 - loss: 0.0493 - val_accuracy: 0.9931 - val_loss: 0.0335 - learning_rate: 0.0010
Epoch 7/160
73/73 - 0s - 1ms/step - accuracy: 0.9910 - loss: 0.0458 - val_accuracy: 0.9931 - val_loss: 0.0318 - learning_rate: 0.0010
Epoch 8/160
73/73 - 0s - 1ms/step - accuracy: 0.9910 - loss: 0.0433 - val_accuracy: 0.9931 - val_loss: 0.0308 - learning_rate: 0.0010
Epoch 9/160
73/73 - 0s - 1ms/step - accuracy: 0.9910 - loss: 0.0415 - val_accuracy: 0.9931 - val_loss: 0.0301 - learning_rate: 0.0010
Epoch 10/160
73/73 - 0s - 1ms/step - accuracy: 0.9910 - loss: 0.0400 - val_accuracy: 0.9931 - val_loss: 0.0297 - learning_rate: 0.0010
Epoch 11/160
73/73 - 0s - 1ms/step - accuracy: 0.9910 - loss: 0.0388 - val_accuracy: 0.9948 - val_loss: 0.0294 - learning_rate: 0.0010
Epoch 12/160
73/73 - 0s - 1ms/step - accuracy: 0.9910 - loss: 0.0376 - val_accuracy: 0.9948 - val_loss: 0.0292 - learning_rate: 0.0010
Epoch 13/160
73/73 - 0s - 1ms/step - accuracy: 0.9910 - loss: 0.0367 - val_accuracy: 0.9948 - val_loss: 0.0291 - learning_rate: 0.0010
Epoch 14/160
73/73 - 0s - 1ms/step - accuracy: 0.9910 - loss: 0.0357 - val_accuracy: 0.9931 - val_loss: 0.0291 - learning_rate: 0.0010
Epoch 15/160
73/73 - 0s - 1ms/step - accuracy: 0.9910 - loss: 0.0349 - val_accuracy: 0.9931 - val_loss: 0.0291 - learning_rate: 0.0010
Epoch 16/160
73/73 - 0s - 1ms/step - accuracy: 0.9914 - loss: 0.0341 - val_accuracy: 0.9931 - val_loss: 0.0292 - learning_rate: 0.0010
Epoch 17/160
73/73 - 0s - 1ms/step - accuracy: 0.9918 - loss: 0.0333 - val_accuracy: 0.9931 - val_loss: 0.0292 - learning_rate: 0.0010
Epoch 18/160
73/73 - 0s - 1ms/step - accuracy: 0.9918 - loss: 0.0326 - val_accuracy: 0.9931 - val_loss: 0.0294 - learning_rate: 0.0010
Epoch 19/160
73/73 - 0s - 1ms/step - accuracy: 0.9918 - loss: 0.0320 - val_accuracy: 0.9931 - val_loss: 0.0294 - learning_rate: 0.0010
Epoch 20/160
73/73 - 0s - 1ms/step - accuracy: 0.9918 - loss: 0.0314 - val_accuracy: 0.9931 - val_loss: 0.0295 - learning_rate: 0.0010
Epoch 21/160
73/73 - 0s - 1ms/step - accuracy: 0.9923 - loss: 0.0308 - val_accuracy: 0.9931 - val_loss: 0.0295 - learning_rate: 0.0010
Epoch 22/160
73/73 - 0s - 1ms/step - accuracy: 0.9927 - loss: 0.0301 - val_accuracy: 0.9931 - val_loss: 0.0297 - learning_rate: 0.0010
Epoch 23/160
73/73 - 0s - 1ms/step - accuracy: 0.9931 - loss: 0.0295 - val_accuracy: 0.9931 - val_loss: 0.0298 - learning_rate: 0.0010
Epoch 24/160
73/73 - 0s - 1ms/step - accuracy: 0.9931 - loss: 0.0290 - val_accuracy: 0.9931 - val_loss: 0.0301 - learning_rate: 0.0010
Epoch 25/160
73/73 - 0s - 1ms/step - accuracy: 0.9936 - loss: 0.0285 - val_accuracy: 0.9931 - val_loss: 0.0302 - learning_rate: 0.0010
Epoch 26/160
73/73 - 0s - 1ms/step - accuracy: 0.9931 - loss: 0.0276 - val_accuracy: 0.9931 - val_loss: 0.0303 - learning_rate: 5.0000e-04
Epoch 27/160
73/73 - 0s - 1ms/step - accuracy: 0.9936 - loss: 0.0272 - val_accuracy: 0.9914 - val_loss: 0.0304 - learning_rate: 5.0000e-04
Epoch 28/160
73/73 - 0s - 1ms/step - accuracy: 0.9936 - loss: 0.0270 - val_accuracy: 0.9914 - val_loss: 0.0306 - learning_rate: 5.0000e-04
Epoch 29/160
73/73 - 0s - 1ms/step - accuracy: 0.9936 - loss: 0.0267 - val_accuracy: 0.9914 - val_loss: 0.0306 - learning_rate: 5.0000e-04
Epoch 30/160
73/73 - 0s - 1ms/step - accuracy: 0.9936 - loss: 0.0264 - val_accuracy: 0.9914 - val_loss: 0.0309 - learning_rate: 5.0000e-04
Epoch 31/160
73/73 - 0s - 1ms/step - accuracy: 0.9936 - loss: 0.0263 - val_accuracy: 0.9914 - val_loss: 0.0309 - learning_rate: 5.0000e-04
Epoch 32/160
73/73 - 0s - 1ms/step - accuracy: 0.9936 - loss: 0.0260 - val_accuracy: 0.9914 - val_loss: 0.0310 - learning_rate: 5.0000e-04
Epoch 33/160
73/73 - 0s - 1ms/step - accuracy: 0.9940 - loss: 0.0258 - val_accuracy: 0.9914 - val_loss: 0.0309 - learning_rate: 5.0000e-04
Epoch 34/160
73/73 - 0s - 1ms/step - accuracy: 0.9944 - loss: 0.0255 - val_accuracy: 0.9914 - val_loss: 0.0310 - learning_rate: 5.0000e-04
Epoch 35/160
73/73 - 0s - 1ms/step - accuracy: 0.9944 - loss: 0.0253 - val_accuracy: 0.9914 - val_loss: 0.0312 - learning_rate: 5.0000e-04
Epoch 36/160
73/73 - 0s - 1ms/step - accuracy: 0.9944 - loss: 0.0251 - val_accuracy: 0.9914 - val_loss: 0.0313 - learning_rate: 5.0000e-04
Epoch 37/160
73/73 - 0s - 1ms/step - accuracy: 0.9944 - loss: 0.0249 - val_accuracy: 0.9914 - val_loss: 0.0315 - learning_rate: 5.0000e-04
Epoch 38/160
73/73 - 0s - 1ms/step - accuracy: 0.9944 - loss: 0.0244 - val_accuracy: 0.9914 - val_loss: 0.0315 - learning_rate: 2.5000e-04
Epoch 39/160
73/73 - 0s - 1ms/step - accuracy: 0.9944 - loss: 0.0243 - val_accuracy: 0.9914 - val_loss: 0.0315 - learning_rate: 2.5000e-04
Epoch 40/160
73/73 - 0s - 1ms/step - accuracy: 0.9944 - loss: 0.0242 - val_accuracy: 0.9914 - val_loss: 0.0316 - learning_rate: 2.5000e-04
Epoch 41/160
73/73 - 0s - 1ms/step - accuracy: 0.9944 - loss: 0.0241 - val_accuracy: 0.9914 - val_loss: 0.0316 - learning_rate: 2.5000e-04
Saved artifact at 'C:\Users\ASUS\AppData\Local\Temp\tmpitzxx0ea'. The following endpoints are available:

* Endpoint 'serve'
  args_0 (POSITIONAL_ONLY): TensorSpec(shape=(None, 6), dtype=tf.float32, name='features')
Output Type:
  TensorSpec(shape=(None, 3), dtype=tf.float32, name=None)
Captures:
  2578291204432: TensorSpec(shape=(), dtype=tf.resource, name=None)
  2578291205392: TensorSpec(shape=(), dtype=tf.resource, name=None)
  2578291205584: TensorSpec(shape=(), dtype=tf.resource, name=None)
  2578291204240: TensorSpec(shape=(), dtype=tf.resource, name=None)
  2578291205776: TensorSpec(shape=(), dtype=tf.resource, name=None)
  2578291205008: TensorSpec(shape=(), dtype=tf.resource, name=None)
[SAVE] Keras model: C:\LogiEdge\LogiEdge_Complete_Assignment_Package\training\models\m1_fp32.keras
[SAVE] TFLite model: C:\LogiEdge\LogiEdge_Complete_Assignment_Package\training\models\m1_fp32.tflite
[SAVE] Metrics: C:\LogiEdge\LogiEdge_Complete_Assignment_Package\training\models\m1_metrics.json
[TRAIN] grouped validation accuracy=99.48%
[TRAIN] recall Normal=100.0% Warning=98.8% Critical=99.4%
[TRAIN] precision Normal=99.2% Warning=99.4% Critical=100.0%
[PASS] grouped validation accuracy gate cleared
