**********************
Windows PowerShell transcript start
Start time: 20260717122309
Username: LAPTOP-QP7JV6SQ\ASUS
RunAs User: LAPTOP-QP7JV6SQ\ASUS
Configuration Name: 
Machine: LAPTOP-QP7JV6SQ (Microsoft Windows NT 10.0.26200.0)
Host Application: C:\WINDOWS\System32\WindowsPowerShell\v1.0\powershell.exe -NoProfile -ExecutionPolicy Bypass -Command Import-Module 'c:\Users\ASUS\.vscode\extensions\ms-vscode.powershell-2025.4.0\modules\PowerShellEditorServices\PowerShellEditorServices.psd1'; Start-EditorServices -HostName 'Visual Studio Code Host' -HostProfileId 'Microsoft.VSCode' -HostVersion '2025.4.0' -BundledModulesPath 'c:\Users\ASUS\.vscode\extensions\ms-vscode.powershell-2025.4.0\modules' -EnableConsoleRepl -StartupBanner "PowerShell Extension v2025.4.0
Copyright (c) Microsoft Corporation.

https://aka.ms/vscode-powershell
Type 'help' to get help.
" -LogLevel 'Warning' -LogPath 'c:\Users\ASUS\AppData\Roaming\Code\logs\20260717T094734\window1\exthost\ms-vscode.powershell' -SessionDetailsPath 'c:\Users\ASUS\AppData\Roaming\Code\User\globalStorage\ms-vscode.powershell\sessions\PSES-VSCode-23704-611045.json' -FeatureFlags @() 
Process ID: 38676
PSVersion: 5.1.26100.8875
PSEdition: Desktop
PSCompatibleVersions: 1.0, 2.0, 3.0, 4.0, 5.0, 5.1.26100.8875
BuildVersion: 10.0.26100.8875
CLRVersion: 4.0.30319.42000
WSManStackVersion: 3.0
PSRemotingProtocolVersion: 2.3
SerializationVersion: 1.1.0.1
**********************

==================================================================
LOGIEDGE COMPLETE END-TO-END PIPELINE
==================================================================

==================================================================
0/24 Environment and dependency verification
==================================================================
Python 3.11.9
Docker version 29.6.1, build 8900f1d
Docker Compose version v5.1.4
  NAME              STATE           VERSION
* Ubuntu            Running         2
  docker-desktop    Running         2
Missing packages: sklearn
PS>TerminatingError(): "Step failed: 0/24 Environment and dependency verification (exit code 1)"

==================================================================
LOGIEDGE END-TO-END PIPELINE FAILED
==================================================================
Step failed: 0/24 Environment and dependency verification (exit code 1)
**********************
Windows PowerShell transcript end
End time: 20260717122309
**********************
