LogiEdge verification run
Thu Jul 16 11:28:55 UTC 2026

=== Python compilation ===
PASS

=== Pytest ===
........                                                                 [100%]

=== Constraint calculations ===
=== A1 BANDWIDTH ===
raw per truck/day      : 518.7 MB   (temp 4 B/s + vib 6000 B/s)
raw cost/truck/day     : Rs 51.87
raw cost 85 trucks/yr  : Rs 1,609,409
raw cost 265 trucks/yr : Rs 5,017,568
edge per truck/day     : 63.6 KB
edge cost 85 trucks/yr : Rs 197
reduction factor       : 8,156x (99.9877% less data)
JSON-over-MQTT reality : ~3x the raw figure (1,556 MB/day) if published un-reduced

=== B2 ARITHMETIC INTENSITY / ROOFLINE ===
Arithmetic Intensity   : 4e+07 FLOP / 2e+07 B = 2.50 FLOP/byte
Ridge point            : 2e+10 / 1e+10 = 1.333 FLOP/byte
AI (2.50) > ridge (1.33) -> COMPUTE BOUND
Attainable performance : 16.00 GFLOP/s (= min(peak, BW x AI))
Compute-limited time   : 2.812 ms
Memory-limited time    : 1.500 ms  -> the roof that binds is compute
Predicted latency      : 2.81 ms vs the 90 s SLA -> 32,000x margin

=== E3 OTA per update cycle (spec 280 KB, 85 trucks) ===
  full replacement :   23.242 MB   Rs    2.324
  canary 10 -> 75  :   23.242 MB   Rs    2.324 (same bytes, staged)
  shadow mode      :    228.9 MB   Rs    22.89  (model + 7 d dual-inference telemetry)
  annual (8.7 cycles): full Rs 20.22 | canary Rs 20.22 | shadow Rs 199.12
=== E3 OTA per update cycle (actual M3, 85 trucks) ===
  full replacement :    0.313 MB   Rs    0.031
  canary 10 -> 75  :    0.313 MB   Rs    0.031 (same bytes, staged)
  shadow mode      :    205.9 MB   Rs    20.59  (model + 7 d dual-inference telemetry)
  annual (8.7 cycles): full Rs 0.27 | canary Rs 0.27 | shadow Rs 179.17

  -> the three strategies differ by RUPEES. The decision is therefore NOT financial:
     one bad model x 85 trucks x Rs 28 lakh cargo dwarfs the entire OTA budget.

=== D2 DOCKER LAYER CACHE (85 trucks) ===
  naive full image :  12750.0 MB   Rs  1275.00
  cached model layer:   0.313 MB   Rs   0.0313
  saving           :  12749.7 MB   Rs  1274.97   (99.998% less)
  per truck        : 150 MB -> 3.8 KB

=== Normalisation experiment ===

Model: m3_pruned_int8.tflite   validation windows: 582   (true Critical: 174)

normalisation     accuracy   Normal  Warning  Critical  missed Critical
-----------------------------------------------------------------------
correct stats       99.14%    99.6%    98.1%     99.4%            0    
+3 sigma shift      99.14%   100.0%    96.9%    100.0%            0    
-3 sigma shift      68.90%    28.2%    98.1%    100.0%            0    

Accuracy drop under +3 sigma: 0.00 points
Class-2 (Critical) recall: 99.4% -> 100.0%
Critical windows silently reported as Normal: 0 -> 0

-> /mnt/data/logibridge_work/logibridge_Access/experiments/normalisation_experiment.csv
This is why training_stats.npy is loaded, never recomputed at runtime.

=== Benchmark ===
[BENCH] host: x86_64  56 cores   TDP assumed 15.0 W
[BENCH] 10 warm-up + 200 timed runs per variant, 582 validation windows

  M1_FP32          lat   1.41 +/- 0.04 us  (p95  1.47 us)  size  5.19 KB  acc 99.48%  E  19.1 uJ  Crit-recall 99.4%
  M2_PTQ_INT8      lat   1.42 +/- 0.06 us  (p95  1.48 us)  size  4.46 KB  acc 99.31%  E  20.6 uJ  Crit-recall 99.4%
  M3_PRUNE35_INT8  lat   1.42 +/- 0.03 us  (p95  1.46 us)  size  3.70 KB  acc 99.14%  E  19.0 uJ  Crit-recall 99.4%

[BENCH] latency spread BETWEEN variants: 0.01 us; worst run-to-run noise WITHIN a variant: 0.06 us
[BENCH] -> the variants are NOT separable on latency on this host. Size, energy and Class-2 recall decide; any 'speed-up' claim here would be noise.

[BENCH] -> /mnt/data/logibridge_work/logibridge_Access/optimisation/results/benchmark_results.csv
[BENCH] -> /mnt/data/logibridge_work/logibridge_Access/optimisation/results/pareto_chart.png

=========== TASK F3 - DEPLOYMENT RECOMMENDATION ===========
  Per-inference latency budget from the 90 s SLA:
    90 s - 30 s window fill - 10 s step quantisation - 5 s alert uplink
    = ~45 s of headroom for inference. M3 uses 1.4 us = 0.03 parts per million of it.
  Size on Flash: 3.7 KB (29% smaller than FP32)
  Class 2 (Critical) recall: 99.4% (PASS - must exceed 95%)
  => Deploy M3 to the 85 trucks.

=== PSI reference and drift simulation ===
[REF] 300 clean Normal windows -> /mnt/data/logibridge_work/logibridge_Access/monitoring/reference_dist.json
  [0,0.25)       0.7%  
  [0.25,0.50)    0.5%  
  [0.50,0.75)    3.0%  #
  [0.75,1.0]    96.0%  ################################################
[REF] Normal-class share 99.3%

[SIM] phases: clean 25m -> --anomaly combined 10m -> clean 25m   (score=normal_prob, PSI every simulated 60 s)

--- phase CLEAN (--anomaly none) ---
[PSI] filling rolling window 1/100
[PSI] filling rolling window 7/100
[PSI] filling rolling window 13/100
[PSI] filling rolling window 19/100
[PSI] filling rolling window 25/100
[PSI] filling rolling window 28/100
[PSI] filling rolling window 34/100
[PSI] filling rolling window 40/100
[PSI] filling rolling window 46/100
[PSI] filling rolling window 52/100
[PSI] filling rolling window 55/100
[PSI] filling rolling window 61/100
[PSI] filling rolling window 67/100
[PSI] filling rolling window 73/100
[PSI] filling rolling window 79/100
[PSI] filling rolling window 82/100
[PSI] filling rolling window 88/100
[PSI] filling rolling window 94/100
[PSI] CLEAN      PSI=0.004  crit_share=  0.0%  [0,0.25)= 0.5% [0.25,0.50)= 1.0% [0.50,0.75)= 3.0% [0.75,1.0]=96.0%
[PSI] CLEAN      PSI=0.004  crit_share=  0.0%  [0,0.25)= 0.5% [0.25,0.50)= 1.0% [0.50,0.75)= 3.0% [0.75,1.0]=96.0%
[PSI] CLEAN      PSI=0.004  crit_share=  0.0%  [0,0.25)= 0.5% [0.25,0.50)= 1.0% [0.50,0.75)= 3.0% [0.75,1.0]=96.0%
[PSI] CLEAN      PSI=0.004  crit_share=  0.0%  [0,0.25)= 0.5% [0.25,0.50)= 1.0% [0.50,0.75)= 3.0% [0.75,1.0]=96.0%
[PSI] CLEAN      PSI=0.004  crit_share=  0.0%  [0,0.25)= 0.5% [0.25,0.50)= 1.0% [0.50,0.75)= 3.0% [0.75,1.0]=96.0%
[PSI] CLEAN      PSI=0.008  crit_share=  0.0%  [0,0.25)= 0.5% [0.25,0.50)= 1.0% [0.50,0.75)= 2.0% [0.75,1.0]=97.0%
[PSI] CLEAN      PSI=0.008  crit_share=  0.0%  [0,0.25)= 0.5% [0.25,0.50)= 1.0% [0.50,0.75)= 2.0% [0.75,1.0]=97.0%
--- phase INJECTED (--anomaly combined) ---
[PSI] INJECTED   PSI=0.009  crit_share=  1.0%  [0,0.25)= 1.0% [0.25,0.50)= 1.0% [0.50,0.75)= 2.0% [0.75,1.0]=96.0%
[PSI] INJECTED   PSI=0.160  crit_share=  7.0%  [0,0.25)= 7.0% [0.25,0.50)= 1.0% [0.50,0.75)= 2.0% [0.75,1.0]=90.0%
[PSI] INJECTED   PSI=0.390  crit_share= 13.0%  [0,0.25)=13.0% [0.25,0.50)= 1.0% [0.50,0.75)= 2.0% [0.75,1.0]=84.0%
[LOGIBRIDGE DRIFT ALERT] PSI=0.390
   -> classification: DATA/SENSOR DRIFT (investigate probe)
[PSI] INJECTED   PSI=0.659  crit_share= 19.0%  [0,0.25)=19.0% [0.25,0.50)= 1.0% [0.50,0.75)= 2.0% [0.75,1.0]=78.0%
[LOGIBRIDGE DRIFT ALERT] PSI=0.659
   -> classification: DATA/SENSOR DRIFT (investigate probe)
[PSI] INJECTED   PSI=0.958  crit_share= 25.0%  [0,0.25)=25.0% [0.25,0.50)= 1.0% [0.50,0.75)= 2.0% [0.75,1.0]=72.0%
[LOGIBRIDGE DRIFT ALERT] PSI=0.958
   -> classification: DATA/SENSOR DRIFT (investigate probe)
[PSI] INJECTED   PSI=1.118  crit_share= 28.0%  [0,0.25)=28.0% [0.25,0.50)= 1.0% [0.50,0.75)= 2.0% [0.75,1.0]=69.0%
[LOGIBRIDGE DRIFT ALERT] PSI=1.118
   -> classification: DATA/SENSOR DRIFT (investigate probe)
[PSI] INJECTED   PSI=1.457  crit_share= 34.0%  [0,0.25)=34.0% [0.25,0.50)= 1.0% [0.50,0.75)= 2.0% [0.75,1.0]=63.0%
[LOGIBRIDGE DRIFT ALERT] PSI=1.457
   -> classification: REAL CONCEPT DRIFT (fault present)
[PSI] INJECTED   PSI=1.821  crit_share= 40.0%  [0,0.25)=40.0% [0.25,0.50)= 1.0% [0.50,0.75)= 2.0% [0.75,1.0]=57.0%
[LOGIBRIDGE DRIFT ALERT] PSI=1.821
   -> classification: REAL CONCEPT DRIFT (fault present)
[PSI] INJECTED   PSI=2.206  crit_share= 46.0%  [0,0.25)=46.0% [0.25,0.50)= 0.5% [0.50,0.75)= 0.5% [0.75,1.0]=54.0%
[LOGIBRIDGE DRIFT ALERT] PSI=2.206
   -> classification: REAL CONCEPT DRIFT (fault present)
[PSI] INJECTED   PSI=2.614  crit_share= 52.0%  [0,0.25)=52.0% [0.25,0.50)= 0.5% [0.50,0.75)= 0.5% [0.75,1.0]=48.0%
[LOGIBRIDGE DRIFT ALERT] PSI=2.614
   -> classification: REAL CONCEPT DRIFT (fault present)
--- phase RECOVERED (--anomaly none) ---
[PSI] RECOVERED  PSI=2.756  crit_share= 54.0%  [0,0.25)=54.0% [0.25,0.50)= 0.5% [0.50,0.75)= 0.5% [0.75,1.0]=46.0%
[LOGIBRIDGE DRIFT ALERT] PSI=2.756
   -> classification: REAL CONCEPT DRIFT (fault present)
[PSI] RECOVERED  PSI=2.756  crit_share= 54.0%  [0,0.25)=54.0% [0.25,0.50)= 0.5% [0.50,0.75)= 0.5% [0.75,1.0]=46.0%
[LOGIBRIDGE DRIFT ALERT] PSI=2.756
   -> classification: REAL CONCEPT DRIFT (fault present)
[PSI] RECOVERED  PSI=2.825  crit_share= 54.0%  [0,0.25)=55.0% [0.25,0.50)= 0.5% [0.50,0.75)= 1.0% [0.75,1.0]=44.0%
[LOGIBRIDGE DRIFT ALERT] PSI=2.825
   -> classification: REAL CONCEPT DRIFT (fault present)
[PSI] RECOVERED  PSI=2.825  crit_share= 54.0%  [0,0.25)=55.0% [0.25,0.50)= 0.5% [0.50,0.75)= 1.0% [0.75,1.0]=44.0%
[LOGIBRIDGE DRIFT ALERT] PSI=2.825
   -> classification: REAL CONCEPT DRIFT (fault present)
[PSI] RECOVERED  PSI=2.825  crit_share= 54.0%  [0,0.25)=55.0% [0.25,0.50)= 0.5% [0.50,0.75)= 1.0% [0.75,1.0]=44.0%
[LOGIBRIDGE DRIFT ALERT] PSI=2.825
   -> classification: REAL CONCEPT DRIFT (fault present)
[PSI] RECOVERED  PSI=2.825  crit_share= 54.0%  [0,0.25)=55.0% [0.25,0.50)= 0.5% [0.50,0.75)= 1.0% [0.75,1.0]=44.0%
[LOGIBRIDGE DRIFT ALERT] PSI=2.825
   -> classification: REAL CONCEPT DRIFT (fault present)
[PSI] RECOVERED  PSI=2.825  crit_share= 54.0%  [0,0.25)=55.0% [0.25,0.50)= 0.5% [0.50,0.75)= 1.0% [0.75,1.0]=44.0%
[LOGIBRIDGE DRIFT ALERT] PSI=2.825
   -> classification: REAL CONCEPT DRIFT (fault present)
[PSI] RECOVERED  PSI=2.825  crit_share= 54.0%  [0,0.25)=55.0% [0.25,0.50)= 0.5% [0.50,0.75)= 1.0% [0.75,1.0]=44.0%
[LOGIBRIDGE DRIFT ALERT] PSI=2.825
   -> classification: REAL CONCEPT DRIFT (fault present)
[PSI] RECOVERED  PSI=2.825  crit_share= 54.0%  [0,0.25)=55.0% [0.25,0.50)= 0.5% [0.50,0.75)= 1.0% [0.75,1.0]=44.0%
[LOGIBRIDGE DRIFT ALERT] PSI=2.825
   -> classification: REAL CONCEPT DRIFT (fault present)
[PSI] RECOVERED  PSI=2.399  crit_share= 48.0%  [0,0.25)=49.0% [0.25,0.50)= 0.5% [0.50,0.75)= 1.0% [0.75,1.0]=50.0%
[LOGIBRIDGE DRIFT ALERT] PSI=2.399
   -> classification: REAL CONCEPT DRIFT (fault present)
[PSI] RECOVERED  PSI=2.197  crit_share= 45.0%  [0,0.25)=46.0% [0.25,0.50)= 0.5% [0.50,0.75)= 1.0% [0.75,1.0]=53.0%
[LOGIBRIDGE DRIFT ALERT] PSI=2.197
   -> classification: REAL CONCEPT DRIFT (fault present)
[PSI] RECOVERED  PSI=1.813  crit_share= 39.0%  [0,0.25)=40.0% [0.25,0.50)= 0.5% [0.50,0.75)= 1.0% [0.75,1.0]=59.0%
[LOGIBRIDGE DRIFT ALERT] PSI=1.813
   -> classification: REAL CONCEPT DRIFT (fault present)
[PSI] RECOVERED  PSI=1.453  crit_share= 33.0%  [0,0.25)=34.0% [0.25,0.50)= 0.5% [0.50,0.75)= 1.0% [0.75,1.0]=65.0%
[LOGIBRIDGE DRIFT ALERT] PSI=1.453
   -> classification: REAL CONCEPT DRIFT (fault present)
[PSI] RECOVERED  PSI=1.119  crit_share= 27.0%  [0,0.25)=28.0% [0.25,0.50)= 0.5% [0.50,0.75)= 1.0% [0.75,1.0]=71.0%
[LOGIBRIDGE DRIFT ALERT] PSI=1.119
   -> classification: DATA/SENSOR DRIFT (investigate probe)
[PSI] RECOVERED  PSI=0.810  crit_share= 21.0%  [0,0.25)=22.0% [0.25,0.50)= 0.5% [0.50,0.75)= 1.0% [0.75,1.0]=77.0%
[LOGIBRIDGE DRIFT ALERT] PSI=0.810
   -> classification: DATA/SENSOR DRIFT (investigate probe)
[PSI] RECOVERED  PSI=0.665  crit_share= 18.0%  [0,0.25)=19.0% [0.25,0.50)= 0.5% [0.50,0.75)= 1.0% [0.75,1.0]=80.0%
[LOGIBRIDGE DRIFT ALERT] PSI=0.665
   -> classification: DATA/SENSOR DRIFT (investigate probe)
[PSI] RECOVERED  PSI=0.399  crit_share= 12.0%  [0,0.25)=13.0% [0.25,0.50)= 0.5% [0.50,0.75)= 1.0% [0.75,1.0]=86.0%
[LOGIBRIDGE DRIFT ALERT] PSI=0.399
   -> classification: DATA/SENSOR DRIFT (investigate probe)
[PSI] RECOVERED  PSI=0.226  crit_share=  6.0%  [0,0.25)= 9.0% [0.25,0.50)= 0.5% [0.50,0.75)= 2.0% [0.75,1.0]=89.0%
[PSI] RECOVERED  PSI=0.039  crit_share=  0.0%  [0,0.25)= 3.0% [0.25,0.50)= 0.5% [0.50,0.75)= 2.0% [0.75,1.0]=95.0%
[LOGIBRIDGE] drift cleared, PSI=0.039 < 0.1
[PSI] RECOVERED  PSI=0.039  crit_share=  0.0%  [0,0.25)= 3.0% [0.25,0.50)= 0.5% [0.50,0.75)= 2.0% [0.75,1.0]=95.0%
[PSI] RECOVERED  PSI=0.039  crit_share=  0.0%  [0,0.25)= 3.0% [0.25,0.50)= 0.5% [0.50,0.75)= 2.0% [0.75,1.0]=95.0%
[PSI] RECOVERED  PSI=0.037  crit_share=  0.0%  [0,0.25)= 2.0% [0.25,0.50)= 0.5% [0.50,0.75)= 1.0% [0.75,1.0]=97.0%
[PSI] RECOVERED  PSI=0.037  crit_share=  0.0%  [0,0.25)= 2.0% [0.25,0.50)= 0.5% [0.50,0.75)= 1.0% [0.75,1.0]=97.0%
[PSI] RECOVERED  PSI=0.037  crit_share=  0.0%  [0,0.25)= 2.0% [0.25,0.50)= 0.5% [0.50,0.75)= 1.0% [0.75,1.0]=97.0%
[PSI] RECOVERED  PSI=0.037  crit_share=  0.0%  [0,0.25)= 2.0% [0.25,0.50)= 0.5% [0.50,0.75)= 1.0% [0.75,1.0]=97.0%

=========== PSI SUMMARY (Report Section 5) ===========
  clean      max PSI : 0.008
  injected   max PSI : 2.614   crossed 0.25 3.0 min after injection (PASS: requirement is < 5 min)
  recovered final PSI: 0.037   (PASS: required < 0.10)
  trace -> monitoring/psi_trace.json

=== Diagram generation ===
wrote scenario_architecture/system_architecture.png
wrote data_pipeline/mqtt_topic_tree.png
